d:\steam\steamapps\common\call of duty black ops iii\mods\t7overcharged\t7overcharged\t7overcharged\x64\release\t7overcharged.pch
d:\steam\steamapps\common\call of duty black ops iii\mods\t7overcharged\t7overcharged\t7overcharged\x64\release\vc142.pdb
d:\steam\steamapps\common\call of duty black ops iii\mods\t7overcharged\t7overcharged\t7overcharged\x64\release\pch.obj
d:\steam\steamapps\common\call of duty black ops iii\mods\t7overcharged\t7overcharged\t7overcharged\x64\release\uierrorfix.obj
d:\steam\steamapps\common\call of duty black ops iii\mods\t7overcharged\t7overcharged\t7overcharged\x64\release\t7overcharged.obj
d:\steam\steamapps\common\call of duty black ops iii\mods\t7overcharged\t7overcharged\t7overcharged\x64\release\lapi.obj
d:\steam\steamapps\common\call of duty black ops iii\mods\t7overcharged\t7overcharged\t7overcharged\x64\release\initialization.obj
d:\steam\steamapps\common\call of duty black ops iii\mods\t7overcharged\t7overcharged\t7overcharged\x64\release\hapi.obj
d:\steam\steamapps\common\call of duty black ops iii\mods\t7overcharged\t7overcharged\t7overcharged\x64\release\dllmain.obj
d:\steam\steamapps\common\call of duty black ops iii\mods\t7overcharged\t7overcharged\t7overcharged\x64\release\hotreload.obj
d:\steam\steamapps\common\call of duty black ops iii\mods\t7overcharged\t7overcharged\x64\release\t7overcharged.dll
d:\steam\steamapps\common\call of duty black ops iii\mods\t7overcharged\t7overcharged\t7overcharged\x64\release\t7overcharged.ipdb
d:\steam\steamapps\common\call of duty black ops iii\mods\t7overcharged\t7overcharged\t7overcharged\x64\release\t7overcharged.iobj
d:\steam\steamapps\common\call of duty black ops iii\mods\t7overcharged\t7overcharged\x64\release\t7overcharged.pdb
d:\steam\steamapps\common\call of duty black ops iii\mods\t7overcharged\t7overcharged\x64\release\t7overcharged.lib
d:\steam\steamapps\common\call of duty black ops iii\mods\t7overcharged\t7overcharged\x64\release\t7overcharged.exp
d:\steam\steamapps\common\call of duty black ops iii\mods\t7overcharged\t7overcharged\t7overcharged\x64\release\t7overcharged.tlog\cl.command.1.tlog
d:\steam\steamapps\common\call of duty black ops iii\mods\t7overcharged\t7overcharged\t7overcharged\x64\release\t7overcharged.tlog\cl.read.1.tlog
d:\steam\steamapps\common\call of duty black ops iii\mods\t7overcharged\t7overcharged\t7overcharged\x64\release\t7overcharged.tlog\cl.write.1.tlog
d:\steam\steamapps\common\call of duty black ops iii\mods\t7overcharged\t7overcharged\t7overcharged\x64\release\t7overcharged.tlog\link.command.1.tlog
d:\steam\steamapps\common\call of duty black ops iii\mods\t7overcharged\t7overcharged\t7overcharged\x64\release\t7overcharged.tlog\link.read.1.tlog
d:\steam\steamapps\common\call of duty black ops iii\mods\t7overcharged\t7overcharged\t7overcharged\x64\release\t7overcharged.tlog\link.write.1.tlog
d:\steam\steamapps\common\call of duty black ops iii\mods\t7overcharged\t7overcharged\t7overcharged\x64\release\t7overcharged.tlog\t7overcharged.write.1u.tlog
